<?xml version="1.0" encoding="UTF-8"?>
<!-- Generated by org.testng.reporters.JUnitXMLReporter -->
<testsuite ignored="0" hostname="Heena" failures="0" tests="5" name="Login Tests" time="31.471" errors="0" timestamp="2026-06-18T16:14:28 IST">
  <testcase classname="testcase.login.LOGIN_TC_ALL" name="verifyLogin" time="5.834"/>
  <testcase classname="testcase.login.LOGIN_TC_ALL" name="verifyLogin" time="5.708"/>
  <testcase classname="testcase.login.LOGIN_TC_ALL" name="verifyLogin" time="5.287"/>
  <testcase classname="testcase.login.LOGIN_TC_ALL" name="verifyLogin" time="6.603"/>
  <testcase classname="testcase.login.LOGIN_TC_ALL" name="verifyLogin" time="8.027"/>
</testsuite> <!-- Login Tests -->
