<?xml version="1.0" encoding="UTF-8"?>
<!-- Generated by org.testng.reporters.JUnitXMLReporter -->
<testsuite ignored="0" hostname="Heena" failures="4" tests="20" name="Registration Tests" time="134.742" errors="0" timestamp="2026-06-18T16:13:57 IST">
  <testcase classname="testcase.register.REG_TC_ALL" name="verifyRegistration" time="7.307"/>
  <testcase classname="testcase.register.REG_TC_ALL" name="verifyRegistration" time="6.243"/>
  <testcase classname="testcase.register.REG_TC_ALL" name="verifyRegistration" time="6.163"/>
  <testcase classname="testcase.register.REG_TC_ALL" name="verifyRegistration" time="6.756"/>
  <testcase classname="testcase.register.REG_TC_ALL" name="verifyRegistration" time="7.181">
    <failure type="java.lang.AssertionError" message="[TC_PASS_005_ValidPassword_8chars] Registration honi chahiye thi lekin nahi hui">
      <![CDATA[java.lang.AssertionError: [TC_PASS_005_ValidPassword_8chars] Registration honi chahiye thi lekin nahi hui
at testcase.register.REG_TC_ALL.verifyRegistration(REG_TC_ALL.java:73)
at java.base/java.util.ArrayList.forEach(ArrayList.java:1511)
... Removed 28 stack frames]]>
    </failure>
  </testcase> <!-- verifyRegistration -->
  <testcase classname="testcase.register.REG_TC_ALL" name="verifyRegistration" time="7.318">
    <failure type="java.lang.AssertionError" message="[TC_PASS_006_ValidPassword_AllTypes] Registration honi chahiye thi lekin nahi hui">
      <![CDATA[java.lang.AssertionError: [TC_PASS_006_ValidPassword_AllTypes] Registration honi chahiye thi lekin nahi hui
at testcase.register.REG_TC_ALL.verifyRegistration(REG_TC_ALL.java:73)
at java.base/java.util.ArrayList.forEach(ArrayList.java:1511)
... Removed 28 stack frames]]>
    </failure>
  </testcase> <!-- verifyRegistration -->
  <testcase classname="testcase.register.REG_TC_ALL" name="verifyRegistration" time="7.064">
    <failure type="java.lang.AssertionError" message="[TC_PASS_007_PasswordWithSpace] Registration honi chahiye thi lekin nahi hui">
      <![CDATA[java.lang.AssertionError: [TC_PASS_007_PasswordWithSpace] Registration honi chahiye thi lekin nahi hui
at testcase.register.REG_TC_ALL.verifyRegistration(REG_TC_ALL.java:73)
at java.base/java.util.ArrayList.forEach(ArrayList.java:1511)
... Removed 28 stack frames]]>
    </failure>
  </testcase> <!-- verifyRegistration -->
  <testcase classname="testcase.register.REG_TC_ALL" name="verifyRegistration" time="7.632"/>
  <testcase classname="testcase.register.REG_TC_ALL" name="verifyRegistration" time="6.14"/>
  <testcase classname="testcase.register.REG_TC_ALL" name="verifyRegistration" time="6.126"/>
  <testcase classname="testcase.register.REG_TC_ALL" name="verifyRegistration" time="7.142">
    <failure type="java.lang.AssertionError" message="[TC_EMAIL_004_ValidRegistration] Registration honi chahiye thi lekin nahi hui">
      <![CDATA[java.lang.AssertionError: [TC_EMAIL_004_ValidRegistration] Registration honi chahiye thi lekin nahi hui
at testcase.register.REG_TC_ALL.verifyRegistration(REG_TC_ALL.java:73)
at java.base/java.util.ArrayList.forEach(ArrayList.java:1511)
... Removed 28 stack frames]]>
    </failure>
  </testcase> <!-- verifyRegistration -->
  <testcase classname="testcase.register.REG_TC_ALL" name="verifyRegistration" time="6.185"/>
  <testcase classname="testcase.register.REG_TC_ALL" name="verifyRegistration" time="6.135"/>
  <testcase classname="testcase.register.REG_TC_ALL" name="verifyRegistration" time="6.269"/>
  <testcase classname="testcase.register.REG_TC_ALL" name="verifyRegistration" time="6.209"/>
  <testcase classname="testcase.register.REG_TC_ALL" name="verifyRegistration" time="9.237"/>
  <testcase classname="testcase.register.REG_TC_ALL" name="verifyRegistration" time="6.447"/>
  <testcase classname="testcase.register.REG_TC_ALL" name="verifyRegistration" time="6.543"/>
  <testcase classname="testcase.register.REG_TC_ALL" name="verifyRegistration" time="6.176"/>
  <testcase classname="testcase.register.REG_TC_ALL" name="verifyRegistration" time="5.945"/>
</testsuite> <!-- Registration Tests -->
