<?xml version="1.0" encoding="UTF-8"?>
<testng-results ignored="0" total="1" passed="1" failed="0" skipped="0">
  <reporter-output>
  </reporter-output>
  <suite started-at="2026-04-30T16:28:01 IST" name="Default suite" finished-at="2026-04-30T16:28:09 IST" duration-ms="7602">
    <groups>
    </groups>
    <test started-at="2026-04-30T16:28:01 IST" name="Default test" finished-at="2026-04-30T16:28:09 IST" duration-ms="7602">
      <class name="testcase.register.RegisteUsingTab">
        <test-method signature="tabUsing()[pri:0, instance:testcase.register.RegisteUsingTab@639c2c1d]" started-at="2026-04-30T16:28:01 IST" name="tabUsing" finished-at="2026-04-30T16:28:09 IST" duration-ms="7523" status="PASS">
          <reporter-output>
          </reporter-output>
        </test-method> <!-- tabUsing -->
        <test-method is-config="true" signature="tearDown()[pri:0, instance:testcase.register.RegisteUsingTab@639c2c1d]" started-at="2026-04-30T16:28:09 IST" name="tearDown" finished-at="2026-04-30T16:28:09 IST" duration-ms="5" status="PASS">
          <reporter-output>
          </reporter-output>
        </test-method> <!-- tearDown -->
      </class> <!-- testcase.register.RegisteUsingTab -->
    </test> <!-- Default test -->
  </suite> <!-- Default suite -->
</testng-results>
