<?xml version="1.0" encoding="UTF-8"?>
<!-- Generated by org.testng.reporters.JUnitReportReporter -->
<testsuite hostname="Heena" failures="0" tests="5" name="testcase.login.LOGIN_TC_ALL" time="31.459" errors="0" timestamp="2026-06-18T16:14:28 IST" skipped="0">
  <testcase classname="testcase.login.LOGIN_TC_ALL" name="verifyLogin" time="5.287"/>
  <testcase classname="testcase.login.LOGIN_TC_ALL" name="verifyLogin" time="5.708"/>
  <testcase classname="testcase.login.LOGIN_TC_ALL" name="verifyLogin" time="5.834"/>
  <testcase classname="testcase.login.LOGIN_TC_ALL" name="verifyLogin" time="8.027"/>
  <testcase classname="testcase.login.LOGIN_TC_ALL" name="verifyLogin" time="6.603"/>
</testsuite> <!-- testcase.login.LOGIN_TC_ALL -->
